Using pre-set license
Built from '2020.3/staging' branch; Version is '2020.3.30f1 (1fb1bf06830e) revision 2077119'; Using compiler version '192528614'; Build Type 'Release'
OS: 'Windows 10  (10.0.19042) 64bit Education' Language: 'ko' Physical Memory: 16339 MB
BatchMode: 1, IsHumanControllingUs: 0, StartBugReporterOnCrash: 0, Is64bit: 1, IsPro: 0

COMMAND LINE ARGUMENTS:
D:\Unity2019\2020.3.30f1\Editor\Unity.exe
-adb2
-batchMode
-noUpm
-name
AssetImportWorker0
-projectPath
D:/unity/Project/HeroGrow
-logFile
Logs/AssetImportWorker0.log
-srvPort
2643
Successfully changed project path to: D:/unity/Project/HeroGrow
D:/unity/Project/HeroGrow
Using Asset Import Pipeline V2.
Refreshing native plugins compatible for Editor in 88.84 ms, found 3 plugins.
Preloading 0 native plugins for Editor in 0.00 ms.
Initialize engine version: 2020.3.30f1 (1fb1bf06830e)
[Subsystems] Discovering subsystems at path D:/Unity2019/2020.3.30f1/Editor/Data/Resources/UnitySubsystems
[Subsystems] Discovering subsystems at path D:/unity/Project/HeroGrow/Assets
GfxDevice: creating device client; threaded=0
Direct3D:
    Version:  Direct3D 11.0 [level 11.1]
    Renderer: NVIDIA GeForce GTX 1060 3GB (ID=0x1c02)
    Vendor:   
    VRAM:     2988 MB
    Driver:   31.0.15.1659
Initialize mono
Mono path[0] = 'D:/Unity2019/2020.3.30f1/Editor/Data/Managed'
Mono path[1] = 'D:/Unity2019/2020.3.30f1/Editor/Data/MonoBleedingEdge/lib/mono/unityjit'
Mono config path = 'D:/Unity2019/2020.3.30f1/Editor/Data/MonoBleedingEdge/etc'
Using monoOptions --debugger-agent=transport=dt_socket,embedding=1,server=y,suspend=n,address=127.0.0.1:56584
Begin MonoManager ReloadAssembly
Registering precompiled unity dll's ...
Register platform support module: D:/Unity2019/2020.3.30f1/Editor/Data/PlaybackEngines/WindowsStandaloneSupport/UnityEditor.WindowsStandalone.Extensions.dll
Registered in 0.002705 seconds.
Native extension for WindowsStandalone target not found
Refreshing native plugins compatible for Editor in 54.05 ms, found 3 plugins.
Preloading 0 native plugins for Editor in 0.00 ms.
Mono: successfully reloaded assembly
- Completed reload, in  0.953 seconds
Domain Reload Profiling:
	ReloadAssembly (954ms)
		BeginReloadAssembly (127ms)
			ExecutionOrderSort (0ms)
			DisableScriptedObjects (0ms)
			BackupInstance (0ms)
			ReleaseScriptingObjects (0ms)
			CreateAndSetChildDomain (1ms)
		EndReloadAssembly (718ms)
			LoadAssemblies (126ms)
			RebuildTransferFunctionScriptingTraits (0ms)
			SetupTypeCache (225ms)
			ReleaseScriptCaches (0ms)
			RebuildScriptCaches (36ms)
			SetupLoadedEditorAssemblies (282ms)
				LogAssemblyErrors (0ms)
				InitializePlatformSupportModulesInManaged (4ms)
				SetLoadedEditorAssemblies (0ms)
				RefreshPlugins (54ms)
				BeforeProcessingInitializeOnLoad (22ms)
				ProcessInitializeOnLoadAttributes (149ms)
				ProcessInitializeOnLoadMethodAttributes (52ms)
				AfterProcessingInitializeOnLoad (0ms)
				EditorAssembliesLoaded (0ms)
			ExecutionOrderSort2 (0ms)
			AwakeInstancesAfterBackupRestoration (0ms)
Platform modules already initialized, skipping
Registering precompiled user dll's ...
Registered in 0.010640 seconds.
Begin MonoManager ReloadAssembly
Native extension for WindowsStandalone target not found
Refreshing native plugins compatible for Editor in 57.63 ms, found 3 plugins.
Preloading 0 native plugins for Editor in 0.00 ms.
Mono: successfully reloaded assembly
- Completed reload, in  1.958 seconds
Domain Reload Profiling:
	ReloadAssembly (1960ms)
		BeginReloadAssembly (297ms)
			ExecutionOrderSort (0ms)
			DisableScriptedObjects (7ms)
			BackupInstance (0ms)
			ReleaseScriptingObjects (0ms)
			CreateAndSetChildDomain (23ms)
		EndReloadAssembly (1567ms)
			LoadAssemblies (210ms)
			RebuildTransferFunctionScriptingTraits (0ms)
			SetupTypeCache (385ms)
			ReleaseScriptCaches (1ms)
			RebuildScriptCaches (75ms)
			SetupLoadedEditorAssemblies (817ms)
				LogAssemblyErrors (0ms)
				InitializePlatformSupportModulesInManaged (3ms)
				SetLoadedEditorAssemblies (0ms)
				RefreshPlugins (58ms)
				BeforeProcessingInitializeOnLoad (98ms)
				ProcessInitializeOnLoadAttributes (615ms)
				ProcessInitializeOnLoadMethodAttributes (35ms)
				AfterProcessingInitializeOnLoad (6ms)
				EditorAssembliesLoaded (0ms)
			ExecutionOrderSort2 (0ms)
			AwakeInstancesAfterBackupRestoration (8ms)
Platform modules already initialized, skipping
========================================================================
Worker process is ready to serve import requests
Launched and connected shader compiler UnityShaderCompiler.exe after 0.13 seconds
Refreshing native plugins compatible for Editor in 0.56 ms, found 3 plugins.
Preloading 0 native plugins for Editor in 0.00 ms.
Unloading 2221 Unused Serialized files (Serialized files now loaded: 0)
System memory in use before: 101.1 MB.
System memory in use after: 101.2 MB.

Unloading 24 unused Assets to reduce memory usage. Loaded Objects now: 2659.
Total: 3.303500 ms (FindLiveObjects: 0.172900 ms CreateObjectMapping: 0.100000 ms MarkObjects: 2.978500 ms  DeleteObjects: 0.051100 ms)

AssetImportParameters requested are different than current active one (requested -> active):
  custom:framework-win-MediaFoundation: 216162199b28c13a410421893ffa2e32 -> 
  custom:video-decoder-ogg-theora: a1e56fd34408186e4bbccfd4996cb3dc -> 
  custom:container-muxer-webm: aa71ff27fc2769a1b78a27578f13a17b -> 
  custom:container-demuxer-webm: 4f35f7cbe854078d1ac9338744f61a02 -> 
  custom:container-demuxer-ogg: 62fdf1f143b41e24485cea50d1cbac27 -> 
  custom:video-encoder-webm-vp8: eb34c28f22e8b96e1ab97ce403110664 -> 
  custom:video-decoder-webm-vp8: 9c59270c3fd7afecdb556c50c9e8de78 -> 
  custom:audio-decoder-ogg-vorbis: bf7c407c2cedff20999df2af8eb42d56 -> 
  custom:audio-encoder-webm-vorbis: bf7c407c2cedff20999df2af8eb42d56 -> 
========================================================================
Received Import Request.
  path: Assets/Scenes/GameScene.unity
  artifactKey: Guid(2cda990e2423bbf4892e6590ba056729) Importer(815301076,1909f56bfc062723c751e8b465ee728b)
Start importing Assets/Scenes/GameScene.unity using Guid(2cda990e2423bbf4892e6590ba056729) Importer(815301076,1909f56bfc062723c751e8b465ee728b)  -> (artifact id: '5be0a4f37f44ce42505d5158359d52d7') in 0.017724 seconds 
========================================================================
Received Import Request.
  Time since last request: 23.631870 seconds.
  path: Assets/Image
  artifactKey: Guid(9638a1a1a3a678049a3568cf9926459a) Importer(815301076,1909f56bfc062723c751e8b465ee728b)
Start importing Assets/Image using Guid(9638a1a1a3a678049a3568cf9926459a) Importer(815301076,1909f56bfc062723c751e8b465ee728b)  -> (artifact id: 'f95ee826e5bed9d174a6c1dfcd481fd3') in 0.007816 seconds 
========================================================================
Received Import Request.
  Time since last request: 9.838948 seconds.
  path: Assets/Audio/강화 성공 사운드.mp3
  artifactKey: Guid(b01eb8ccb1957df41a45cc49ad69cf22) Importer(815301076,1909f56bfc062723c751e8b465ee728b)
Start importing Assets/Audio/강화 성공 사운드.mp3 using Guid(b01eb8ccb1957df41a45cc49ad69cf22) Importer(815301076,1909f56bfc062723c751e8b465ee728b)  -> (artifact id: '1800d370bda85f829afff2fa0fe2ca84') in 0.363479 seconds 
========================================================================
Received Import Request.
  Time since last request: 0.000236 seconds.
  path: Assets/Audio/강화 사운드.mp3
  artifactKey: Guid(77c0a95852fa02244b87fb57033f8e4b) Importer(815301076,1909f56bfc062723c751e8b465ee728b)
Start importing Assets/Audio/강화 사운드.mp3 using Guid(77c0a95852fa02244b87fb57033f8e4b) Importer(815301076,1909f56bfc062723c751e8b465ee728b)  -> (artifact id: '26324ed4d3c73bf5756d56f5b1777845') in 0.030078 seconds 
========================================================================
Received Import Request.
  Time since last request: 3.157589 seconds.
  path: Assets/Audio
  artifactKey: Guid(994a0cb67a2c8f8439202a86baafa59f) Importer(815301076,1909f56bfc062723c751e8b465ee728b)
Start importing Assets/Audio using Guid(994a0cb67a2c8f8439202a86baafa59f) Importer(815301076,1909f56bfc062723c751e8b465ee728b)  -> (artifact id: 'e27fabf2455108f7ab7301a7e1ad88bc') in 0.171765 seconds 
========================================================================
Received Import Request.
  Time since last request: 19.033365 seconds.
  path: Assets/Audio/고용.mp3
  artifactKey: Guid(79a2b923846d08e49abbf59c80f3d96d) Importer(815301076,1909f56bfc062723c751e8b465ee728b)
Start importing Assets/Audio/고용.mp3 using Guid(79a2b923846d08e49abbf59c80f3d96d) Importer(815301076,1909f56bfc062723c751e8b465ee728b)  -> (artifact id: 'ab5db49fd4cd8aa1f647c0bd38cd24cb') in 0.050489 seconds 
========================================================================
Received Import Request.
  Time since last request: 0.406328 seconds.
  path: Assets/Audio/강화실패 사운드.mp3
  artifactKey: Guid(307c699ba19f1594386d74a69d3595ad) Importer(815301076,1909f56bfc062723c751e8b465ee728b)
Start importing Assets/Audio/강화실패 사운드.mp3 using Guid(307c699ba19f1594386d74a69d3595ad) Importer(815301076,1909f56bfc062723c751e8b465ee728b)  -> (artifact id: 'db88255daa3babcd6d728a3fedf4ceca') in 0.022857 seconds 
========================================================================
Received Import Request.
  Time since last request: 7.917761 seconds.
  path: Assets/Audio/죽는소리.mp3
  artifactKey: Guid(ad32b3c743c0921488795c91b3b30205) Importer(815301076,1909f56bfc062723c751e8b465ee728b)
Start importing Assets/Audio/죽는소리.mp3 using Guid(ad32b3c743c0921488795c91b3b30205) Importer(815301076,1909f56bfc062723c751e8b465ee728b)  -> (artifact id: '57a8f245ca6f87cdd2de3ec2023ac4ea') in 0.038331 seconds 
========================================================================
Received Prepare
Registering precompiled user dll's ...
Registered in 0.006570 seconds.
Begin MonoManager ReloadAssembly
Native extension for WindowsStandalone target not found
Refreshing native plugins compatible for Editor in 0.63 ms, found 3 plugins.
Preloading 0 native plugins for Editor in 0.00 ms.
Mono: successfully reloaded assembly
- Completed reload, in  2.021 seconds
Domain Reload Profiling:
	ReloadAssembly (2022ms)
		BeginReloadAssembly (219ms)
			ExecutionOrderSort (0ms)
			DisableScriptedObjects (10ms)
			BackupInstance (0ms)
			ReleaseScriptingObjects (0ms)
			CreateAndSetChildDomain (48ms)
		EndReloadAssembly (1725ms)
			LoadAssemblies (196ms)
			RebuildTransferFunctionScriptingTraits (0ms)
			SetupTypeCache (515ms)
			ReleaseScriptCaches (1ms)
			RebuildScriptCaches (69ms)
			SetupLoadedEditorAssemblies (700ms)
				LogAssemblyErrors (0ms)
				InitializePlatformSupportModulesInManaged (9ms)
				SetLoadedEditorAssemblies (1ms)
				RefreshPlugins (1ms)
				BeforeProcessingInitializeOnLoad (124ms)
				ProcessInitializeOnLoadAttributes (519ms)
				ProcessInitializeOnLoadMethodAttributes (32ms)
				AfterProcessingInitializeOnLoad (10ms)
				EditorAssembliesLoaded (4ms)
			ExecutionOrderSort2 (0ms)
			AwakeInstancesAfterBackupRestoration (55ms)
Platform modules already initialized, skipping
Refreshing native plugins compatible for Editor in 49.96 ms, found 3 plugins.
Preloading 0 native plugins for Editor in 0.00 ms.
Unloading 2197 Unused Serialized files (Serialized files now loaded: 0)
System memory in use before: 102.2 MB.
System memory in use after: 102.3 MB.

Unloading 14 unused Assets to reduce memory usage. Loaded Objects now: 2670.
Total: 69.395500 ms (FindLiveObjects: 0.390300 ms CreateObjectMapping: 0.383000 ms MarkObjects: 68.574700 ms  DeleteObjects: 0.046000 ms)

AssetImportParameters requested are different than current active one (requested -> active):
  custom:framework-win-MediaFoundation: 216162199b28c13a410421893ffa2e32 -> 
  custom:video-decoder-ogg-theora: a1e56fd34408186e4bbccfd4996cb3dc -> 
  custom:container-muxer-webm: aa71ff27fc2769a1b78a27578f13a17b -> 
  custom:container-demuxer-webm: 4f35f7cbe854078d1ac9338744f61a02 -> 
  custom:container-demuxer-ogg: 62fdf1f143b41e24485cea50d1cbac27 -> 
  custom:video-encoder-webm-vp8: eb34c28f22e8b96e1ab97ce403110664 -> 
  custom:video-decoder-webm-vp8: 9c59270c3fd7afecdb556c50c9e8de78 -> 
  custom:audio-decoder-ogg-vorbis: bf7c407c2cedff20999df2af8eb42d56 -> 
  custom:audio-encoder-webm-vorbis: bf7c407c2cedff20999df2af8eb42d56 -> 
========================================================================
Received Prepare
Registering precompiled user dll's ...
Registered in 0.006208 seconds.
Begin MonoManager ReloadAssembly
Native extension for WindowsStandalone target not found
Refreshing native plugins compatible for Editor in 0.71 ms, found 3 plugins.
Preloading 0 native plugins for Editor in 0.00 ms.
Mono: successfully reloaded assembly
- Completed reload, in  1.700 seconds
Domain Reload Profiling:
	ReloadAssembly (1701ms)
		BeginReloadAssembly (193ms)
			ExecutionOrderSort (0ms)
			DisableScriptedObjects (11ms)
			BackupInstance (0ms)
			ReleaseScriptingObjects (0ms)
			CreateAndSetChildDomain (46ms)
		EndReloadAssembly (1429ms)
			LoadAssemblies (191ms)
			RebuildTransferFunctionScriptingTraits (0ms)
			SetupTypeCache (478ms)
			ReleaseScriptCaches (1ms)
			RebuildScriptCaches (67ms)
			SetupLoadedEditorAssemblies (604ms)
				LogAssemblyErrors (0ms)
				InitializePlatformSupportModulesInManaged (6ms)
				SetLoadedEditorAssemblies (1ms)
				RefreshPlugins (2ms)
				BeforeProcessingInitializeOnLoad (118ms)
				ProcessInitializeOnLoadAttributes (455ms)
				ProcessInitializeOnLoadMethodAttributes (15ms)
				AfterProcessingInitializeOnLoad (8ms)
				EditorAssembliesLoaded (0ms)
			ExecutionOrderSort2 (0ms)
			AwakeInstancesAfterBackupRestoration (13ms)
Platform modules already initialized, skipping
Refreshing native plugins compatible for Editor in 0.57 ms, found 3 plugins.
Preloading 0 native plugins for Editor in 0.00 ms.
Unloading 2197 Unused Serialized files (Serialized files now loaded: 0)
System memory in use before: 102.2 MB.
System memory in use after: 102.3 MB.

Unloading 14 unused Assets to reduce memory usage. Loaded Objects now: 2672.
Total: 4.818700 ms (FindLiveObjects: 0.163100 ms CreateObjectMapping: 0.105400 ms MarkObjects: 4.521300 ms  DeleteObjects: 0.027700 ms)

AssetImportParameters requested are different than current active one (requested -> active):
  custom:framework-win-MediaFoundation: 216162199b28c13a410421893ffa2e32 -> 
  custom:video-decoder-ogg-theora: a1e56fd34408186e4bbccfd4996cb3dc -> 
  custom:container-muxer-webm: aa71ff27fc2769a1b78a27578f13a17b -> 
  custom:container-demuxer-webm: 4f35f7cbe854078d1ac9338744f61a02 -> 
  custom:container-demuxer-ogg: 62fdf1f143b41e24485cea50d1cbac27 -> 
  custom:video-encoder-webm-vp8: eb34c28f22e8b96e1ab97ce403110664 -> 
  custom:video-decoder-webm-vp8: 9c59270c3fd7afecdb556c50c9e8de78 -> 
  custom:audio-decoder-ogg-vorbis: bf7c407c2cedff20999df2af8eb42d56 -> 
  custom:audio-encoder-webm-vorbis: bf7c407c2cedff20999df2af8eb42d56 -> 
========================================================================
Received Import Request.
  Time since last request: 46.345831 seconds.
  path: Assets/Script/Friendly.cs
  artifactKey: Guid(ea182edb36c68294199db53341fcb3fe) Importer(815301076,1909f56bfc062723c751e8b465ee728b)
Start importing Assets/Script/Friendly.cs using Guid(ea182edb36c68294199db53341fcb3fe) Importer(815301076,1909f56bfc062723c751e8b465ee728b)  -> (artifact id: '2bcba801e5a8682ec06c08f1c7c59efc') in 0.029452 seconds 
========================================================================
Received Import Request.
  Time since last request: 0.655289 seconds.
  path: Assets/Script/MonsterHpBar.cs
  artifactKey: Guid(ff1fb5dc133a26b4b8a08f75670d4169) Importer(815301076,1909f56bfc062723c751e8b465ee728b)
Start importing Assets/Script/MonsterHpBar.cs using Guid(ff1fb5dc133a26b4b8a08f75670d4169) Importer(815301076,1909f56bfc062723c751e8b465ee728b)  -> (artifact id: '27d20bdcb57b9eced146ba4c4bcda192') in 0.004774 seconds 
========================================================================
Received Import Request.
  Time since last request: 0.242266 seconds.
  path: Assets/Script/SoundManager.cs
  artifactKey: Guid(0cdf04cd9dd552c4cbaa788af301a9c5) Importer(815301076,1909f56bfc062723c751e8b465ee728b)
Start importing Assets/Script/SoundManager.cs using Guid(0cdf04cd9dd552c4cbaa788af301a9c5) Importer(815301076,1909f56bfc062723c751e8b465ee728b)  -> (artifact id: 'fb27d90f5926d45a13405bf001917c6a') in 0.033128 seconds 
========================================================================
Received Import Request.
  Time since last request: 1.194543 seconds.
  path: Assets/Script/Monster.cs
  artifactKey: Guid(6b23dd699a0e9f24185097f230f3e222) Importer(815301076,1909f56bfc062723c751e8b465ee728b)
Start importing Assets/Script/Monster.cs using Guid(6b23dd699a0e9f24185097f230f3e222) Importer(815301076,1909f56bfc062723c751e8b465ee728b)  -> (artifact id: '9912826a63e2624f7a01b4402dc23195') in 0.017686 seconds 
========================================================================
Received Import Request.
  Time since last request: 0.303328 seconds.
  path: Assets/Script/GameManager.cs
  artifactKey: Guid(41ada6ca655eb6b41b5f8846056d8028) Importer(815301076,1909f56bfc062723c751e8b465ee728b)
Start importing Assets/Script/GameManager.cs using Guid(41ada6ca655eb6b41b5f8846056d8028) Importer(815301076,1909f56bfc062723c751e8b465ee728b)  -> (artifact id: 'e856e22e4b8d538b62480eb06126eb65') in 0.026459 seconds 
========================================================================
Received Import Request.
  Time since last request: 0.283867 seconds.
  path: Assets/Script/JinsimPanel.cs
  artifactKey: Guid(d536fa7b57f5d56469a8400b6fb54a1c) Importer(815301076,1909f56bfc062723c751e8b465ee728b)
Start importing Assets/Script/JinsimPanel.cs using Guid(d536fa7b57f5d56469a8400b6fb54a1c) Importer(815301076,1909f56bfc062723c751e8b465ee728b)  -> (artifact id: '3112e8cb8222321ad468a03252e16f41') in 0.006903 seconds 
========================================================================
Received Import Request.
  Time since last request: 5.102007 seconds.
  path: Assets/Script/FriendlyManager.cs
  artifactKey: Guid(2590260191fb5444aaa703652c4b183a) Importer(815301076,1909f56bfc062723c751e8b465ee728b)
Start importing Assets/Script/FriendlyManager.cs using Guid(2590260191fb5444aaa703652c4b183a) Importer(815301076,1909f56bfc062723c751e8b465ee728b)  -> (artifact id: '492396baf893b4c6786234c09f164679') in 0.025099 seconds 
========================================================================
Received Import Request.
  Time since last request: 0.285210 seconds.
  path: Assets/Script/FriendlyUI.cs
  artifactKey: Guid(7b165828a36a8524b93a6d624744255f) Importer(815301076,1909f56bfc062723c751e8b465ee728b)
Start importing Assets/Script/FriendlyUI.cs using Guid(7b165828a36a8524b93a6d624744255f) Importer(815301076,1909f56bfc062723c751e8b465ee728b)  -> (artifact id: 'efa934dc260a9e24eec621c276a84e81') in 0.005954 seconds 
========================================================================
Received Import Request.
  Time since last request: 0.356917 seconds.
  path: Assets/Script/FriendMove.cs
  artifactKey: Guid(b782d16454ea02f488aa6d2b25bbc41a) Importer(815301076,1909f56bfc062723c751e8b465ee728b)
Start importing Assets/Script/FriendMove.cs using Guid(b782d16454ea02f488aa6d2b25bbc41a) Importer(815301076,1909f56bfc062723c751e8b465ee728b)  -> (artifact id: '30f5e6d3e8623d47956cdfdebb25a42b') in 0.006031 seconds 
========================================================================
Received Import Request.
  Time since last request: 0.626566 seconds.
  path: Assets/Script/PlayerClick.cs
  artifactKey: Guid(021c0e249216bff4ab9d116ed6f94ba6) Importer(815301076,1909f56bfc062723c751e8b465ee728b)
Start importing Assets/Script/PlayerClick.cs using Guid(021c0e249216bff4ab9d116ed6f94ba6) Importer(815301076,1909f56bfc062723c751e8b465ee728b)  -> (artifact id: '762bb28f2ce975a3e3d0c2a4107834b6') in 0.005203 seconds 
========================================================================
Received Import Request.
  Time since last request: 0.231712 seconds.
  path: Assets/Script/UpgradeUI.cs
  artifactKey: Guid(fbddd31994958f3419f144375f2a79f7) Importer(815301076,1909f56bfc062723c751e8b465ee728b)
Start importing Assets/Script/UpgradeUI.cs using Guid(fbddd31994958f3419f144375f2a79f7) Importer(815301076,1909f56bfc062723c751e8b465ee728b)  -> (artifact id: '3e001cd0c00d32ea514e921851b643bf') in 0.016736 seconds 
========================================================================
Received Import Request.
  Time since last request: 0.217803 seconds.
  path: Assets/Script/WeaponAnimation.cs
  artifactKey: Guid(5843e50148c259d4d8317b06c885477b) Importer(815301076,1909f56bfc062723c751e8b465ee728b)
Start importing Assets/Script/WeaponAnimation.cs using Guid(5843e50148c259d4d8317b06c885477b) Importer(815301076,1909f56bfc062723c751e8b465ee728b)  -> (artifact id: 'bc80cef94d92a20b8fff460d555139fe') in 0.017796 seconds 
========================================================================
Received Prepare
Registering precompiled user dll's ...
Registered in 0.029262 seconds.
Begin MonoManager ReloadAssembly
Native extension for WindowsStandalone target not found
Refreshing native plugins compatible for Editor in 0.53 ms, found 3 plugins.
Preloading 0 native plugins for Editor in 0.00 ms.
Mono: successfully reloaded assembly
- Completed reload, in  1.575 seconds
Domain Reload Profiling:
	ReloadAssembly (1576ms)
		BeginReloadAssembly (211ms)
			ExecutionOrderSort (0ms)
			DisableScriptedObjects (7ms)
			BackupInstance (0ms)
			ReleaseScriptingObjects (0ms)
			CreateAndSetChildDomain (40ms)
		EndReloadAssembly (1280ms)
			LoadAssemblies (218ms)
			RebuildTransferFunctionScriptingTraits (0ms)
			SetupTypeCache (526ms)
			ReleaseScriptCaches (2ms)
			RebuildScriptCaches (60ms)
			SetupLoadedEditorAssemblies (414ms)
				LogAssemblyErrors (0ms)
				InitializePlatformSupportModulesInManaged (5ms)
				SetLoadedEditorAssemblies (1ms)
				RefreshPlugins (1ms)
				BeforeProcessingInitializeOnLoad (120ms)
				ProcessInitializeOnLoadAttributes (268ms)
				ProcessInitializeOnLoadMethodAttributes (14ms)
				AfterProcessingInitializeOnLoad (5ms)
				EditorAssembliesLoaded (0ms)
			ExecutionOrderSort2 (0ms)
			AwakeInstancesAfterBackupRestoration (12ms)
Platform modules already initialized, skipping
Refreshing native plugins compatible for Editor in 0.56 ms, found 3 plugins.
Preloading 0 native plugins for Editor in 0.00 ms.
Unloading 2197 Unused Serialized files (Serialized files now loaded: 0)
System memory in use before: 102.3 MB.
System memory in use after: 102.4 MB.

Unloading 14 unused Assets to reduce memory usage. Loaded Objects now: 2674.
Total: 4.807000 ms (FindLiveObjects: 0.238700 ms CreateObjectMapping: 0.121000 ms MarkObjects: 4.412600 ms  DeleteObjects: 0.032500 ms)

AssetImportParameters requested are different than current active one (requested -> active):
  custom:framework-win-MediaFoundation: 216162199b28c13a410421893ffa2e32 -> 
  custom:video-decoder-ogg-theora: a1e56fd34408186e4bbccfd4996cb3dc -> 
  custom:container-muxer-webm: aa71ff27fc2769a1b78a27578f13a17b -> 
  custom:container-demuxer-webm: 4f35f7cbe854078d1ac9338744f61a02 -> 
  custom:container-demuxer-ogg: 62fdf1f143b41e24485cea50d1cbac27 -> 
  custom:video-encoder-webm-vp8: eb34c28f22e8b96e1ab97ce403110664 -> 
  custom:video-decoder-webm-vp8: 9c59270c3fd7afecdb556c50c9e8de78 -> 
  custom:audio-decoder-ogg-vorbis: bf7c407c2cedff20999df2af8eb42d56 -> 
  custom:audio-encoder-webm-vorbis: bf7c407c2cedff20999df2af8eb42d56 -> 
AssetImportWorkerClient::OnTransportError - code=2 error=End of file
